[06-Dec-2024 08:46:35 America/New_York] PHP Fatal error:  Uncaught Error: Call to a member function fetchAssoc() on bool in C:\xampp\htdocs\bolsa_empleo_admin\output\buttonhandler.php:1000
Stack trace:
#0 C:\xampp\htdocs\bolsa_empleo_admin\output\buttonhandler.php(147): buttonHandler_agregar_postulante(Array)
#1 {main}
  thrown in C:\xampp\htdocs\bolsa_empleo_admin\output\buttonhandler.php on line 1000
[06-Dec-2024 08:54:20 America/New_York] PHP Fatal error:  Uncaught Error: Call to a member function fetchAssoc() on bool in C:\xampp\htdocs\bolsa_empleo_admin\output\buttonhandler.php:1000
Stack trace:
#0 C:\xampp\htdocs\bolsa_empleo_admin\output\buttonhandler.php(147): buttonHandler_agregar_postulante(Array)
#1 {main}
  thrown in C:\xampp\htdocs\bolsa_empleo_admin\output\buttonhandler.php on line 1000
[06-Dec-2024 09:35:01 America/New_York] PHP Fatal error:  Uncaught Error: Call to a member function fetchAssoc() on bool in C:\xampp\htdocs\bolsa_empleo_admin\output\buttonhandler.php:1000
Stack trace:
#0 C:\xampp\htdocs\bolsa_empleo_admin\output\buttonhandler.php(147): buttonHandler_agregar_postulante(Array)
#1 {main}
  thrown in C:\xampp\htdocs\bolsa_empleo_admin\output\buttonhandler.php on line 1000
[06-Dec-2024 09:39:01 America/New_York] PHP Fatal error:  Uncaught Error: Call to a member function fetchAssoc() on bool in C:\xampp\htdocs\bolsa_empleo_admin\output\buttonhandler.php:1000
Stack trace:
#0 C:\xampp\htdocs\bolsa_empleo_admin\output\buttonhandler.php(147): buttonHandler_agregar_postulante(Array)
#1 {main}
  thrown in C:\xampp\htdocs\bolsa_empleo_admin\output\buttonhandler.php on line 1000
[06-Dec-2024 09:44:16 America/New_York] PHP Fatal error:  Uncaught Error: Call to a member function fetchAssoc() on bool in C:\xampp\htdocs\bolsa_empleo_admin\output\buttonhandler.php:1000
Stack trace:
#0 C:\xampp\htdocs\bolsa_empleo_admin\output\buttonhandler.php(147): buttonHandler_agregar_postulante(Array)
#1 {main}
  thrown in C:\xampp\htdocs\bolsa_empleo_admin\output\buttonhandler.php on line 1000
[06-Dec-2024 09:45:41 America/New_York] PHP Fatal error:  Uncaught Error: Call to a member function fetchAssoc() on bool in C:\xampp\htdocs\bolsa_empleo_admin\output\buttonhandler.php:1000
Stack trace:
#0 C:\xampp\htdocs\bolsa_empleo_admin\output\buttonhandler.php(147): buttonHandler_agregar_postulante(Array)
#1 {main}
  thrown in C:\xampp\htdocs\bolsa_empleo_admin\output\buttonhandler.php on line 1000
[06-Dec-2024 09:47:53 America/New_York] PHP Fatal error:  Uncaught Error: Call to a member function fetchAssoc() on bool in C:\xampp\htdocs\bolsa_empleo_admin\output\buttonhandler.php:1000
Stack trace:
#0 C:\xampp\htdocs\bolsa_empleo_admin\output\buttonhandler.php(147): buttonHandler_agregar_postulante(Array)
#1 {main}
  thrown in C:\xampp\htdocs\bolsa_empleo_admin\output\buttonhandler.php on line 1000
[06-Dec-2024 09:53:19 America/New_York] PHP Fatal error:  Uncaught Error: Call to a member function fetchAssoc() on bool in C:\xampp\htdocs\bolsa_empleo_admin\output\buttonhandler.php:1000
Stack trace:
#0 C:\xampp\htdocs\bolsa_empleo_admin\output\buttonhandler.php(147): buttonHandler_agregar_postulante(Array)
#1 {main}
  thrown in C:\xampp\htdocs\bolsa_empleo_admin\output\buttonhandler.php on line 1000
[06-Dec-2024 09:55:14 America/New_York] PHP Fatal error:  Uncaught Error: Call to a member function fetchAssoc() on bool in C:\xampp\htdocs\bolsa_empleo_admin\output\buttonhandler.php:1000
Stack trace:
#0 C:\xampp\htdocs\bolsa_empleo_admin\output\buttonhandler.php(147): buttonHandler_agregar_postulante(Array)
#1 {main}
  thrown in C:\xampp\htdocs\bolsa_empleo_admin\output\buttonhandler.php on line 1000
[06-Dec-2024 10:30:44 America/New_York] PHP Fatal error:  Uncaught Error: Call to a member function fetchAssoc() on bool in C:\xampp\htdocs\bolsa_empleo_admin\output\buttonhandler.php:1007
Stack trace:
#0 C:\xampp\htdocs\bolsa_empleo_admin\output\buttonhandler.php(147): buttonHandler_agregar_postulante(Array)
#1 {main}
  thrown in C:\xampp\htdocs\bolsa_empleo_admin\output\buttonhandler.php on line 1007
[06-Dec-2024 12:24:53 America/New_York] PHP Parse error:  syntax error, unexpected '==' (T_IS_EQUAL) in C:\xampp\htdocs\bolsa_empleo_admin\output\buttonhandler.php on line 1024
[06-Dec-2024 12:36:53 America/New_York] PHP Fatal error:  Uncaught Error: Call to a member function fetchAssoc() on bool in C:\xampp\htdocs\bolsa_empleo_admin\output\buttonhandler.php:1028
Stack trace:
#0 C:\xampp\htdocs\bolsa_empleo_admin\output\buttonhandler.php(147): buttonHandler_agregar_postulante(Array)
#1 {main}
  thrown in C:\xampp\htdocs\bolsa_empleo_admin\output\buttonhandler.php on line 1028
[06-Dec-2024 12:38:32 America/New_York] PHP Fatal error:  Uncaught Error: Call to a member function fetchAssoc() on bool in C:\xampp\htdocs\bolsa_empleo_admin\output\buttonhandler.php:1028
Stack trace:
#0 C:\xampp\htdocs\bolsa_empleo_admin\output\buttonhandler.php(147): buttonHandler_agregar_postulante(Array)
#1 {main}
  thrown in C:\xampp\htdocs\bolsa_empleo_admin\output\buttonhandler.php on line 1028
[06-Dec-2024 12:49:04 America/New_York] PHP Fatal error:  Uncaught Error: Call to a member function fetchAssoc() on bool in C:\xampp\htdocs\bolsa_empleo_admin\output\buttonhandler.php:1028
Stack trace:
#0 C:\xampp\htdocs\bolsa_empleo_admin\output\buttonhandler.php(147): buttonHandler_agregar_postulante(Array)
#1 {main}
  thrown in C:\xampp\htdocs\bolsa_empleo_admin\output\buttonhandler.php on line 1028
[06-Dec-2024 12:52:09 America/New_York] PHP Fatal error:  Uncaught Error: Call to a member function fetchAssoc() on bool in C:\xampp\htdocs\bolsa_empleo_admin\output\buttonhandler.php:1029
Stack trace:
#0 C:\xampp\htdocs\bolsa_empleo_admin\output\buttonhandler.php(147): buttonHandler_agregar_postulante(Array)
#1 {main}
  thrown in C:\xampp\htdocs\bolsa_empleo_admin\output\buttonhandler.php on line 1029
[06-Dec-2024 13:01:38 America/New_York] PHP Fatal error:  Uncaught Error: Call to a member function fetchAssoc() on bool in C:\xampp\htdocs\bolsa_empleo_admin\output\buttonhandler.php:1029
Stack trace:
#0 C:\xampp\htdocs\bolsa_empleo_admin\output\buttonhandler.php(147): buttonHandler_agregar_postulante(Array)
#1 {main}
  thrown in C:\xampp\htdocs\bolsa_empleo_admin\output\buttonhandler.php on line 1029
[06-Dec-2024 13:27:18 America/New_York] PHP Fatal error:  Uncaught Error: Call to a member function fetchAssoc() on bool in C:\xampp\htdocs\bolsa_empleo_admin\output\buttonhandler.php:1038
Stack trace:
#0 C:\xampp\htdocs\bolsa_empleo_admin\output\buttonhandler.php(147): buttonHandler_agregar_postulante(Array)
#1 {main}
  thrown in C:\xampp\htdocs\bolsa_empleo_admin\output\buttonhandler.php on line 1038
[06-Dec-2024 13:29:52 America/New_York] PHP Fatal error:  Uncaught Error: Call to a member function fetchAssoc() on bool in C:\xampp\htdocs\bolsa_empleo_admin\output\buttonhandler.php:1038
Stack trace:
#0 C:\xampp\htdocs\bolsa_empleo_admin\output\buttonhandler.php(147): buttonHandler_agregar_postulante(Array)
#1 {main}
  thrown in C:\xampp\htdocs\bolsa_empleo_admin\output\buttonhandler.php on line 1038
[06-Dec-2024 13:36:53 America/New_York] PHP Fatal error:  Uncaught Error: Call to a member function fetchAssoc() on bool in C:\xampp\htdocs\bolsa_empleo_admin\output\buttonhandler.php:1038
Stack trace:
#0 C:\xampp\htdocs\bolsa_empleo_admin\output\buttonhandler.php(147): buttonHandler_agregar_postulante(Array)
#1 {main}
  thrown in C:\xampp\htdocs\bolsa_empleo_admin\output\buttonhandler.php on line 1038
[06-Dec-2024 13:45:12 America/New_York] PHP Fatal error:  Uncaught Error: Call to a member function fetchAssoc() on bool in C:\xampp\htdocs\bolsa_empleo_admin\output\buttonhandler.php:1038
Stack trace:
#0 C:\xampp\htdocs\bolsa_empleo_admin\output\buttonhandler.php(147): buttonHandler_agregar_postulante(Array)
#1 {main}
  thrown in C:\xampp\htdocs\bolsa_empleo_admin\output\buttonhandler.php on line 1038
[06-Dec-2024 13:46:32 America/New_York] PHP Fatal error:  Uncaught Error: Call to a member function fetchAssoc() on bool in C:\xampp\htdocs\bolsa_empleo_admin\output\buttonhandler.php:1038
Stack trace:
#0 C:\xampp\htdocs\bolsa_empleo_admin\output\buttonhandler.php(147): buttonHandler_agregar_postulante(Array)
#1 {main}
  thrown in C:\xampp\htdocs\bolsa_empleo_admin\output\buttonhandler.php on line 1038
[06-Dec-2024 13:51:42 America/New_York] PHP Fatal error:  Uncaught Error: Call to a member function fetchAssoc() on bool in C:\xampp\htdocs\bolsa_empleo_admin\output\buttonhandler.php:1039
Stack trace:
#0 C:\xampp\htdocs\bolsa_empleo_admin\output\buttonhandler.php(147): buttonHandler_agregar_postulante(Array)
#1 {main}
  thrown in C:\xampp\htdocs\bolsa_empleo_admin\output\buttonhandler.php on line 1039
[06-Dec-2024 13:53:37 America/New_York] PHP Fatal error:  Uncaught Error: Call to a member function fetchAssoc() on bool in C:\xampp\htdocs\bolsa_empleo_admin\output\buttonhandler.php:1039
Stack trace:
#0 C:\xampp\htdocs\bolsa_empleo_admin\output\buttonhandler.php(147): buttonHandler_agregar_postulante(Array)
#1 {main}
  thrown in C:\xampp\htdocs\bolsa_empleo_admin\output\buttonhandler.php on line 1039
[06-Dec-2024 13:55:11 America/New_York] PHP Fatal error:  Uncaught Error: Call to a member function fetchAssoc() on bool in C:\xampp\htdocs\bolsa_empleo_admin\output\buttonhandler.php:1039
Stack trace:
#0 C:\xampp\htdocs\bolsa_empleo_admin\output\buttonhandler.php(147): buttonHandler_agregar_postulante(Array)
#1 {main}
  thrown in C:\xampp\htdocs\bolsa_empleo_admin\output\buttonhandler.php on line 1039
[09-Dec-2024 06:40:42 America/New_York] PHP Fatal error:  Uncaught Error: Call to a member function fetchAssoc() on bool in C:\xampp\htdocs\bolsa_empleo_admin\output\buttonhandler.php:1039
Stack trace:
#0 C:\xampp\htdocs\bolsa_empleo_admin\output\buttonhandler.php(147): buttonHandler_agregar_postulante(Array)
#1 {main}
  thrown in C:\xampp\htdocs\bolsa_empleo_admin\output\buttonhandler.php on line 1039
[09-Dec-2024 13:25:34 America/New_York] PHP Fatal error:  Uncaught Error: Call to a member function fetchAssoc() on bool in C:\xampp\htdocs\bolsa_empleo_admin\output\buttonhandler.php:965
Stack trace:
#0 C:\xampp\htdocs\bolsa_empleo_admin\output\buttonhandler.php(147): buttonHandler_agregar_postulante(Array)
#1 {main}
  thrown in C:\xampp\htdocs\bolsa_empleo_admin\output\buttonhandler.php on line 965
[09-Dec-2024 13:28:16 America/New_York] PHP Fatal error:  Uncaught Error: Call to a member function fetchAssoc() on bool in C:\xampp\htdocs\bolsa_empleo_admin\output\buttonhandler.php:965
Stack trace:
#0 C:\xampp\htdocs\bolsa_empleo_admin\output\buttonhandler.php(147): buttonHandler_agregar_postulante(Array)
#1 {main}
  thrown in C:\xampp\htdocs\bolsa_empleo_admin\output\buttonhandler.php on line 965
[09-Dec-2024 13:51:07 America/New_York] PHP Fatal error:  Uncaught Error: Call to a member function fetchAssoc() on bool in C:\xampp\htdocs\bolsa_empleo_admin\output\buttonhandler.php:969
Stack trace:
#0 C:\xampp\htdocs\bolsa_empleo_admin\output\buttonhandler.php(147): buttonHandler_agregar_postulante(Array)
#1 {main}
  thrown in C:\xampp\htdocs\bolsa_empleo_admin\output\buttonhandler.php on line 969
[09-Dec-2024 13:55:41 America/New_York] PHP Fatal error:  Uncaught Error: Call to a member function fetchAssoc() on bool in C:\xampp\htdocs\bolsa_empleo_admin\output\buttonhandler.php:969
Stack trace:
#0 C:\xampp\htdocs\bolsa_empleo_admin\output\buttonhandler.php(147): buttonHandler_agregar_postulante(Array)
#1 {main}
  thrown in C:\xampp\htdocs\bolsa_empleo_admin\output\buttonhandler.php on line 969
[10-Dec-2024 06:20:39 America/New_York] PHP Fatal error:  Uncaught Error: Call to a member function fetchAssoc() on bool in C:\xampp\htdocs\bolsa_empleo_admin\output\buttonhandler.php:969
Stack trace:
#0 C:\xampp\htdocs\bolsa_empleo_admin\output\buttonhandler.php(147): buttonHandler_agregar_postulante(Array)
#1 {main}
  thrown in C:\xampp\htdocs\bolsa_empleo_admin\output\buttonhandler.php on line 969
[10-Dec-2024 09:50:06 America/New_York] PHP Parse error:  syntax error, unexpected 'vacancia' (T_STRING) in C:\xampp\htdocs\bolsa_empleo_admin\output\buttonhandler.php on line 1243
[10-Dec-2024 10:09:23 America/New_York] PHP Parse error:  syntax error, unexpected 'vacancia' (T_STRING) in C:\xampp\htdocs\bolsa_empleo_admin\output\buttonhandler.php on line 1243
[10-Dec-2024 10:21:29 America/New_York] PHP Parse error:  syntax error, unexpected 'vacancia' (T_STRING) in C:\xampp\htdocs\bolsa_empleo_admin\output\buttonhandler.php on line 1243
[10-Dec-2024 10:21:33 America/New_York] PHP Parse error:  syntax error, unexpected 'vacancia' (T_STRING) in C:\xampp\htdocs\bolsa_empleo_admin\output\buttonhandler.php on line 1243
[10-Dec-2024 10:25:11 America/New_York] PHP Parse error:  syntax error, unexpected 'vacancia' (T_STRING) in C:\xampp\htdocs\bolsa_empleo_admin\output\buttonhandler.php on line 1243
[10-Dec-2024 10:32:58 America/New_York] PHP Parse error:  syntax error, unexpected 'vacancia' (T_STRING) in C:\xampp\htdocs\bolsa_empleo_admin\output\buttonhandler.php on line 1243
[10-Dec-2024 10:37:25 America/New_York] PHP Parse error:  syntax error, unexpected 'vacancia' (T_STRING) in C:\xampp\htdocs\bolsa_empleo_admin\output\buttonhandler.php on line 1243
[10-Dec-2024 10:39:12 America/New_York] PHP Parse error:  syntax error, unexpected 'vacancia' (T_STRING) in C:\xampp\htdocs\bolsa_empleo_admin\output\buttonhandler.php on line 1243
[10-Dec-2024 10:40:44 America/New_York] PHP Parse error:  syntax error, unexpected 'vacancia' (T_STRING) in C:\xampp\htdocs\bolsa_empleo_admin\output\buttonhandler.php on line 1243
[10-Dec-2024 10:42:55 America/New_York] PHP Parse error:  syntax error, unexpected 'vacancia' (T_STRING) in C:\xampp\htdocs\bolsa_empleo_admin\output\buttonhandler.php on line 1243
[10-Dec-2024 10:45:06 America/New_York] PHP Parse error:  syntax error, unexpected 'vacancia' (T_STRING) in C:\xampp\htdocs\bolsa_empleo_admin\output\buttonhandler.php on line 1243
[10-Dec-2024 10:47:26 America/New_York] PHP Parse error:  syntax error, unexpected 'vacancia' (T_STRING) in C:\xampp\htdocs\bolsa_empleo_admin\output\buttonhandler.php on line 1243
[10-Dec-2024 12:58:06 America/New_York] PHP Fatal error:  Uncaught Error: Call to a member function fetchAssoc() on bool in C:\xampp\htdocs\bolsa_empleo_admin\output\include\vacancia_events.php:1136
Stack trace:
#0 C:\xampp\htdocs\bolsa_empleo_admin\output\classes\editpage.php(1504): eventclass_vacancia->CustomEdit(Array, '( ( bolsa_emple...', Array, Array, '', false, Object(EditPage))
#1 C:\xampp\htdocs\bolsa_empleo_admin\output\classes\editpage.php(1328): EditPage->callCustomEditEvent()
#2 C:\xampp\htdocs\bolsa_empleo_admin\output\classes\editpage.php(289): EditPage->processDataInput()
#3 C:\xampp\htdocs\bolsa_empleo_admin\output\vacancia_edit.php(106): EditPage->process()
#4 {main}
  thrown in C:\xampp\htdocs\bolsa_empleo_admin\output\include\vacancia_events.php on line 1136
[10-Dec-2024 13:01:47 America/New_York] PHP Fatal error:  Uncaught Error: Call to a member function fetchAssoc() on bool in C:\xampp\htdocs\bolsa_empleo_admin\output\include\vacancia_events.php:1136
Stack trace:
#0 C:\xampp\htdocs\bolsa_empleo_admin\output\classes\editpage.php(1504): eventclass_vacancia->CustomEdit(Array, '( ( bolsa_emple...', Array, Array, '', false, Object(EditPage))
#1 C:\xampp\htdocs\bolsa_empleo_admin\output\classes\editpage.php(1328): EditPage->callCustomEditEvent()
#2 C:\xampp\htdocs\bolsa_empleo_admin\output\classes\editpage.php(289): EditPage->processDataInput()
#3 C:\xampp\htdocs\bolsa_empleo_admin\output\vacancia_edit.php(106): EditPage->process()
#4 {main}
  thrown in C:\xampp\htdocs\bolsa_empleo_admin\output\include\vacancia_events.php on line 1136
